[01-Oct-2024 18:23:58 UTC] PHP Warning:  Failed loading Zend extension 'php_opcache.dll' (tried: C:/Users/GabrielaNava/AppData/Roaming/Local/lightning-services/php-8.1.29+0/bin/win64/ext\php_opcache.dll (No se encontró el proceso especificado), C:/Users/GabrielaNava/AppData/Roaming/Local/lightning-services/php-8.1.29+0/bin/win64/ext\php_php_opcache.dll.dll (No se puede encontrar el módulo especificado)) in Unknown on line 0
[01-Oct-2024 18:23:58 UTC] PHP Warning:  Failed loading Zend extension 'php_xdebug.dll' (tried: C:/Users/GabrielaNava/AppData/Roaming/Local/lightning-services/php-8.1.29+0/bin/win64/ext\php_xdebug.dll (No se encontró el proceso especificado), C:/Users/GabrielaNava/AppData/Roaming/Local/lightning-services/php-8.1.29+0/bin/win64/ext\php_php_xdebug.dll.dll (No se puede encontrar el módulo especificado)) in Unknown on line 0
[01-Oct-2024 18:23:58 UTC] PHP Warning:  PHP Startup: curl: Unable to initialize module
Module compiled with module API=20210902
PHP    compiled with module API=20230831
These options need to match
 in Unknown on line 0
[01-Oct-2024 18:23:58 UTC] PHP Warning:  PHP Startup: gettext: Unable to initialize module
Module compiled with module API=20210902
PHP    compiled with module API=20230831
These options need to match
 in Unknown on line 0
[01-Oct-2024 18:23:58 UTC] PHP Warning:  PHP Startup: openssl: Unable to initialize module
Module compiled with module API=20210902
PHP    compiled with module API=20230831
These options need to match
 in Unknown on line 0
[01-Oct-2024 18:23:58 UTC] PHP Warning:  PHP Startup: exif: Unable to initialize module
Module compiled with module API=20210902
PHP    compiled with module API=20230831
These options need to match
 in Unknown on line 0
[01-Oct-2024 18:23:58 UTC] PHP Warning:  PHP Startup: gd: Unable to initialize module
Module compiled with module API=20210902
PHP    compiled with module API=20230831
These options need to match
 in Unknown on line 0
[01-Oct-2024 18:23:58 UTC] PHP Warning:  PHP Startup: ftp: Unable to initialize module
Module compiled with module API=20210902
PHP    compiled with module API=20230831
These options need to match
 in Unknown on line 0
[01-Oct-2024 18:23:58 UTC] PHP Warning:  PHP Startup: FFI: Unable to initialize module
Module compiled with module API=20210902
PHP    compiled with module API=20230831
These options need to match
 in Unknown on line 0
[01-Oct-2024 18:23:58 UTC] PHP Warning:  PHP Startup: imap: Unable to initialize module
Module compiled with module API=20210902
PHP    compiled with module API=20230831
These options need to match
 in Unknown on line 0
[01-Oct-2024 18:23:58 UTC] PHP Warning:  PHP Startup: bz2: Unable to initialize module
Module compiled with module API=20210902
PHP    compiled with module API=20230831
These options need to match
 in Unknown on line 0
[01-Oct-2024 18:23:58 UTC] PHP Warning:  PHP Startup: mbstring: Unable to initialize module
Module compiled with module API=20210902
PHP    compiled with module API=20230831
These options need to match
 in Unknown on line 0
[01-Oct-2024 18:23:58 UTC] PHP Warning:  PHP Startup: sodium: Unable to initialize module
Module compiled with module API=20210902
PHP    compiled with module API=20230831
These options need to match
 in Unknown on line 0
[01-Oct-2024 18:23:58 UTC] PHP Warning:  PHP Startup: tidy: Unable to initialize module
Module compiled with module API=20210902
PHP    compiled with module API=20230831
These options need to match
 in Unknown on line 0
[01-Oct-2024 18:23:58 UTC] PHP Warning:  PHP Startup: xsl: Unable to initialize module
Module compiled with module API=20210902
PHP    compiled with module API=20230831
These options need to match
 in Unknown on line 0
[01-Oct-2024 18:23:58 UTC] PHP Warning:  PHP Startup: soap: Unable to initialize module
Module compiled with module API=20210902
PHP    compiled with module API=20230831
These options need to match
 in Unknown on line 0
[01-Oct-2024 18:23:58 UTC] PHP Warning:  PHP Startup: mysqli: Unable to initialize module
Module compiled with module API=20210902
PHP    compiled with module API=20230831
These options need to match
 in Unknown on line 0
[01-Oct-2024 18:23:58 UTC] PHP Warning:  PHP Startup: pdo_mysql: Unable to initialize module
Module compiled with module API=20210902
PHP    compiled with module API=20230831
These options need to match
 in Unknown on line 0
[01-Oct-2024 18:23:58 UTC] PHP Warning:  PHP Startup: fileinfo: Unable to initialize module
Module compiled with module API=20210902
PHP    compiled with module API=20230831
These options need to match
 in Unknown on line 0
[01-Oct-2024 18:23:58 UTC] PHP Warning:  PHP Startup: pdo_sqlite: Unable to initialize module
Module compiled with module API=20210902
PHP    compiled with module API=20230831
These options need to match
 in Unknown on line 0
[01-Oct-2024 18:23:58 UTC] PHP Warning:  PHP Startup: sqlite3: Unable to initialize module
Module compiled with module API=20210902
PHP    compiled with module API=20230831
These options need to match
 in Unknown on line 0
[01-Oct-2024 18:23:58 UTC] PHP Warning:  PHP Startup: imagick: Unable to initialize module
Module compiled with module API=20210902
PHP    compiled with module API=20230831
These options need to match
 in Unknown on line 0
[01-Oct-2024 18:23:58 UTC] PHP Warning:  PHP Startup: Unable to load dynamic library 'php_intl.dll' (tried: C:/Users/GabrielaNava/AppData/Roaming/Local/lightning-services/php-8.1.29+0/bin/win64/ext\php_intl.dll (No se puede encontrar el módulo especificado), C:/Users/GabrielaNava/AppData/Roaming/Local/lightning-services/php-8.1.29+0/bin/win64/ext\php_php_intl.dll.dll (No se puede encontrar el módulo especificado)) in Unknown on line 0
[01-Oct-2024 18:23:58 UTC] PHP Warning:  Failed loading Zend extension 'php_opcache.dll' (tried: C:/Users/GabrielaNava/AppData/Roaming/Local/lightning-services/php-8.1.29+0/bin/win64/ext\php_opcache.dll (No se encontró el proceso especificado), C:/Users/GabrielaNava/AppData/Roaming/Local/lightning-services/php-8.1.29+0/bin/win64/ext\php_php_opcache.dll.dll (No se puede encontrar el módulo especificado)) in Unknown on line 0
[01-Oct-2024 18:23:58 UTC] PHP Warning:  Failed loading Zend extension 'php_xdebug.dll' (tried: C:/Users/GabrielaNava/AppData/Roaming/Local/lightning-services/php-8.1.29+0/bin/win64/ext\php_xdebug.dll (No se encontró el proceso especificado), C:/Users/GabrielaNava/AppData/Roaming/Local/lightning-services/php-8.1.29+0/bin/win64/ext\php_php_xdebug.dll.dll (No se puede encontrar el módulo especificado)) in Unknown on line 0
[01-Oct-2024 18:23:58 UTC] PHP Warning:  PHP Startup: curl: Unable to initialize module
Module compiled with module API=20210902
PHP    compiled with module API=20230831
These options need to match
 in Unknown on line 0
[01-Oct-2024 18:23:58 UTC] PHP Warning:  PHP Startup: gettext: Unable to initialize module
Module compiled with module API=20210902
PHP    compiled with module API=20230831
These options need to match
 in Unknown on line 0
[01-Oct-2024 18:23:58 UTC] PHP Warning:  PHP Startup: openssl: Unable to initialize module
Module compiled with module API=20210902
PHP    compiled with module API=20230831
These options need to match
 in Unknown on line 0
[01-Oct-2024 18:23:58 UTC] PHP Warning:  PHP Startup: exif: Unable to initialize module
Module compiled with module API=20210902
PHP    compiled with module API=20230831
These options need to match
 in Unknown on line 0
[01-Oct-2024 18:23:58 UTC] PHP Warning:  PHP Startup: gd: Unable to initialize module
Module compiled with module API=20210902
PHP    compiled with module API=20230831
These options need to match
 in Unknown on line 0
[01-Oct-2024 18:23:58 UTC] PHP Warning:  PHP Startup: ftp: Unable to initialize module
Module compiled with module API=20210902
PHP    compiled with module API=20230831
These options need to match
 in Unknown on line 0
[01-Oct-2024 18:23:58 UTC] PHP Warning:  PHP Startup: FFI: Unable to initialize module
Module compiled with module API=20210902
PHP    compiled with module API=20230831
These options need to match
 in Unknown on line 0
[01-Oct-2024 18:23:58 UTC] PHP Warning:  PHP Startup: imap: Unable to initialize module
Module compiled with module API=20210902
PHP    compiled with module API=20230831
These options need to match
 in Unknown on line 0
[01-Oct-2024 18:23:58 UTC] PHP Warning:  PHP Startup: bz2: Unable to initialize module
Module compiled with module API=20210902
PHP    compiled with module API=20230831
These options need to match
 in Unknown on line 0
[01-Oct-2024 18:23:58 UTC] PHP Warning:  PHP Startup: mbstring: Unable to initialize module
Module compiled with module API=20210902
PHP    compiled with module API=20230831
These options need to match
 in Unknown on line 0
[01-Oct-2024 18:23:58 UTC] PHP Warning:  PHP Startup: sodium: Unable to initialize module
Module compiled with module API=20210902
PHP    compiled with module API=20230831
These options need to match
 in Unknown on line 0
[01-Oct-2024 18:23:58 UTC] PHP Warning:  PHP Startup: tidy: Unable to initialize module
Module compiled with module API=20210902
PHP    compiled with module API=20230831
These options need to match
 in Unknown on line 0
[01-Oct-2024 18:23:58 UTC] PHP Warning:  PHP Startup: xsl: Unable to initialize module
Module compiled with module API=20210902
PHP    compiled with module API=20230831
These options need to match
 in Unknown on line 0
[01-Oct-2024 18:23:58 UTC] PHP Warning:  PHP Startup: soap: Unable to initialize module
Module compiled with module API=20210902
PHP    compiled with module API=20230831
These options need to match
 in Unknown on line 0
[01-Oct-2024 18:23:58 UTC] PHP Warning:  PHP Startup: mysqli: Unable to initialize module
Module compiled with module API=20210902
PHP    compiled with module API=20230831
These options need to match
 in Unknown on line 0
[01-Oct-2024 18:23:58 UTC] PHP Warning:  PHP Startup: pdo_mysql: Unable to initialize module
Module compiled with module API=20210902
PHP    compiled with module API=20230831
These options need to match
 in Unknown on line 0
[01-Oct-2024 18:23:58 UTC] PHP Warning:  PHP Startup: fileinfo: Unable to initialize module
Module compiled with module API=20210902
PHP    compiled with module API=20230831
These options need to match
 in Unknown on line 0
[01-Oct-2024 18:23:58 UTC] PHP Warning:  PHP Startup: pdo_sqlite: Unable to initialize module
Module compiled with module API=20210902
PHP    compiled with module API=20230831
These options need to match
 in Unknown on line 0
[01-Oct-2024 18:23:58 UTC] PHP Warning:  PHP Startup: sqlite3: Unable to initialize module
Module compiled with module API=20210902
PHP    compiled with module API=20230831
These options need to match
 in Unknown on line 0
[01-Oct-2024 18:23:58 UTC] PHP Warning:  PHP Startup: imagick: Unable to initialize module
Module compiled with module API=20210902
PHP    compiled with module API=20230831
These options need to match
 in Unknown on line 0
[01-Oct-2024 18:23:58 UTC] PHP Warning:  PHP Startup: Unable to load dynamic library 'php_intl.dll' (tried: C:/Users/GabrielaNava/AppData/Roaming/Local/lightning-services/php-8.1.29+0/bin/win64/ext\php_intl.dll (No se puede encontrar el módulo especificado), C:/Users/GabrielaNava/AppData/Roaming/Local/lightning-services/php-8.1.29+0/bin/win64/ext\php_php_intl.dll.dll (No se puede encontrar el módulo especificado)) in Unknown on line 0
